<?xml version="1.0" encoding="UTF-8"?>
<!-- Generated by org.testng.reporters.JUnitReportReporter -->
<testsuite hostname="LAPTOP-853Q29TQ" failures="0" tests="1" name="actionClass.actoinMethod" time="69.149" errors="0" timestamp="2022-09-28T17:06:10 IST" skipped="0">
  <testcase classname="actionClass.actoinMethod" name="customer" time="69.149"/>
  <system-out/>
</testsuite> <!-- actionClass.actoinMethod -->
